{"/Users/danielcobb/Desktop/webdev/node/TynyDebug/tynydebug.js":{"path":"/Users/danielcobb/Desktop/webdev/node/TynyDebug/tynydebug.js","s":{"1":1,"2":1,"3":3,"4":3,"5":1,"6":10,"7":10,"8":10,"9":10,"10":10,"11":2,"12":1,"13":1,"14":1,"15":1,"16":12,"17":12,"18":12,"19":12,"20":12,"21":12,"22":12,"23":12,"24":12,"25":12,"26":12,"27":12,"28":12,"29":12,"30":1,"31":1,"32":10,"33":10,"34":10,"35":10,"36":10,"37":10,"38":10,"39":10,"40":10,"41":10,"42":10,"43":10,"44":4,"45":10,"46":1,"47":9,"48":2,"49":7,"50":10,"51":10,"52":10,"53":4,"54":10,"55":2,"56":10,"57":5,"58":10,"59":10,"60":10,"61":10,"62":10,"63":10,"64":10,"65":0,"66":0,"67":2,"68":2,"69":1,"70":2,"71":2,"72":2,"73":2,"74":2,"75":2,"76":2,"77":2,"78":2,"79":2},"b":{"1":[12,0],"2":[1,0],"3":[10,0],"4":[4,6],"5":[10,5,5],"6":[1,9],"7":[2,7],"8":[4,6],"9":[10,5],"10":[2,8],"11":[5,5],"12":[10,0],"13":[0,0],"14":[1,1],"15":[2,0],"16":[2,2],"17":[2,0],"18":[2,2],"19":[2,0]},"f":{"1":3,"2":10,"3":2,"4":12,"5":12,"6":1,"7":10,"8":2,"9":2},"fnMap":{"1":{"name":"(anonymous_1)","line":14,"loc":{"start":{"line":14,"column":6},"end":{"line":14,"column":13}}},"2":{"name":"(anonymous_2)","line":26,"loc":{"start":{"line":26,"column":14},"end":{"line":26,"column":21}}},"3":{"name":"(anonymous_3)","line":39,"loc":{"start":{"line":39,"column":14},"end":{"line":39,"column":21}}},"4":{"name":"(anonymous_4)","line":51,"loc":{"start":{"line":51,"column":10},"end":{"line":51,"column":13}}},"5":{"name":"(anonymous_5)","line":64,"loc":{"start":{"line":64,"column":10},"end":{"line":64,"column":13}}},"6":{"name":"(anonymous_6)","line":82,"loc":{"start":{"line":82,"column":12},"end":{"line":82,"column":15}}},"7":{"name":"(anonymous_7)","line":89,"loc":{"start":{"line":89,"column":8},"end":{"line":89,"column":17}}},"8":{"name":"(anonymous_8)","line":153,"loc":{"start":{"line":153,"column":6},"end":{"line":153,"column":20}}},"9":{"name":"(anonymous_9)","line":167,"loc":{"start":{"line":167,"column":10},"end":{"line":167,"column":24}}}},"statementMap":{"1":{"start":{"line":8,"column":1},"end":{"line":8,"column":26}},"2":{"start":{"line":9,"column":1},"end":{"line":9,"column":28}},"3":{"start":{"line":16,"column":5},"end":{"line":16,"column":22}},"4":{"start":{"line":18,"column":5},"end":{"line":18,"column":44}},"5":{"start":{"line":22,"column":1},"end":{"line":22,"column":24}},"6":{"start":{"line":28,"column":5},"end":{"line":28,"column":27}},"7":{"start":{"line":29,"column":5},"end":{"line":29,"column":29}},"8":{"start":{"line":30,"column":5},"end":{"line":30,"column":25}},"9":{"start":{"line":31,"column":5},"end":{"line":31,"column":35}},"10":{"start":{"line":32,"column":5},"end":{"line":32,"column":33}},"11":{"start":{"line":41,"column":5},"end":{"line":41,"column":21}},"12":{"start":{"line":45,"column":1},"end":{"line":45,"column":48}},"13":{"start":{"line":46,"column":1},"end":{"line":46,"column":33}},"14":{"start":{"line":47,"column":1},"end":{"line":47,"column":43}},"15":{"start":{"line":49,"column":1},"end":{"line":182,"column":3}},"16":{"start":{"line":53,"column":5},"end":{"line":53,"column":32}},"17":{"start":{"line":55,"column":5},"end":{"line":55,"column":42}},"18":{"start":{"line":56,"column":5},"end":{"line":56,"column":35}},"19":{"start":{"line":57,"column":5},"end":{"line":57,"column":40}},"20":{"start":{"line":59,"column":5},"end":{"line":59,"column":49}},"21":{"start":{"line":61,"column":5},"end":{"line":61,"column":17}},"22":{"start":{"line":66,"column":5},"end":{"line":66,"column":32}},"23":{"start":{"line":68,"column":5},"end":{"line":68,"column":34}},"24":{"start":{"line":69,"column":5},"end":{"line":69,"column":34}},"25":{"start":{"line":71,"column":5},"end":{"line":73,"column":6}},"26":{"start":{"line":72,"column":7},"end":{"line":72,"column":22}},"27":{"start":{"line":75,"column":5},"end":{"line":75,"column":36}},"28":{"start":{"line":77,"column":5},"end":{"line":77,"column":40}},"29":{"start":{"line":79,"column":5},"end":{"line":79,"column":17}},"30":{"start":{"line":84,"column":5},"end":{"line":86,"column":6}},"31":{"start":{"line":85,"column":7},"end":{"line":85,"column":135}},"32":{"start":{"line":90,"column":5},"end":{"line":90,"column":40}},"33":{"start":{"line":91,"column":5},"end":{"line":91,"column":33}},"34":{"start":{"line":92,"column":5},"end":{"line":92,"column":33}},"35":{"start":{"line":94,"column":5},"end":{"line":149,"column":6}},"36":{"start":{"line":96,"column":7},"end":{"line":96,"column":24}},"37":{"start":{"line":97,"column":7},"end":{"line":97,"column":23}},"38":{"start":{"line":99,"column":7},"end":{"line":99,"column":36}},"39":{"start":{"line":100,"column":7},"end":{"line":100,"column":39}},"40":{"start":{"line":101,"column":7},"end":{"line":101,"column":37}},"41":{"start":{"line":102,"column":7},"end":{"line":102,"column":39}},"42":{"start":{"line":104,"column":7},"end":{"line":104,"column":70}},"43":{"start":{"line":106,"column":7},"end":{"line":109,"column":8}},"44":{"start":{"line":108,"column":9},"end":{"line":108,"column":55}},"45":{"start":{"line":111,"column":7},"end":{"line":119,"column":8}},"46":{"start":{"line":112,"column":9},"end":{"line":112,"column":68}},"47":{"start":{"line":113,"column":14},"end":{"line":119,"column":8}},"48":{"start":{"line":115,"column":9},"end":{"line":115,"column":66}},"49":{"start":{"line":118,"column":9},"end":{"line":118,"column":68}},"50":{"start":{"line":121,"column":7},"end":{"line":121,"column":109}},"51":{"start":{"line":123,"column":7},"end":{"line":123,"column":129}},"52":{"start":{"line":125,"column":7},"end":{"line":127,"column":8}},"53":{"start":{"line":126,"column":9},"end":{"line":126,"column":123}},"54":{"start":{"line":129,"column":7},"end":{"line":131,"column":8}},"55":{"start":{"line":130,"column":9},"end":{"line":130,"column":56}},"56":{"start":{"line":133,"column":7},"end":{"line":135,"column":8}},"57":{"start":{"line":134,"column":9},"end":{"line":134,"column":124}},"58":{"start":{"line":137,"column":7},"end":{"line":137,"column":25}},"59":{"start":{"line":138,"column":7},"end":{"line":138,"column":24}},"60":{"start":{"line":139,"column":7},"end":{"line":139,"column":26}},"61":{"start":{"line":140,"column":7},"end":{"line":140,"column":25}},"62":{"start":{"line":143,"column":7},"end":{"line":148,"column":10}},"63":{"start":{"line":144,"column":9},"end":{"line":144,"column":28}},"64":{"start":{"line":144,"column":18},"end":{"line":144,"column":28}},"65":{"start":{"line":145,"column":9},"end":{"line":147,"column":10}},"66":{"start":{"line":146,"column":11},"end":{"line":146,"column":28}},"67":{"start":{"line":155,"column":5},"end":{"line":155,"column":37}},"68":{"start":{"line":157,"column":5},"end":{"line":160,"column":6}},"69":{"start":{"line":159,"column":7},"end":{"line":159,"column":41}},"70":{"start":{"line":161,"column":5},"end":{"line":163,"column":6}},"71":{"start":{"line":162,"column":7},"end":{"line":162,"column":74}},"72":{"start":{"line":164,"column":5},"end":{"line":164,"column":38}},"73":{"start":{"line":169,"column":5},"end":{"line":169,"column":33}},"74":{"start":{"line":170,"column":5},"end":{"line":170,"column":33}},"75":{"start":{"line":173,"column":5},"end":{"line":180,"column":6}},"76":{"start":{"line":175,"column":7},"end":{"line":175,"column":78}},"77":{"start":{"line":177,"column":7},"end":{"line":179,"column":10}},"78":{"start":{"line":178,"column":9},"end":{"line":178,"column":28}},"79":{"start":{"line":178,"column":18},"end":{"line":178,"column":28}}},"branchMap":{"1":{"line":71,"type":"if","locations":[{"start":{"line":71,"column":5},"end":{"line":71,"column":5}},{"start":{"line":71,"column":5},"end":{"line":71,"column":5}}]},"2":{"line":84,"type":"if","locations":[{"start":{"line":84,"column":5},"end":{"line":84,"column":5}},{"start":{"line":84,"column":5},"end":{"line":84,"column":5}}]},"3":{"line":94,"type":"if","locations":[{"start":{"line":94,"column":5},"end":{"line":94,"column":5}},{"start":{"line":94,"column":5},"end":{"line":94,"column":5}}]},"4":{"line":106,"type":"if","locations":[{"start":{"line":106,"column":7},"end":{"line":106,"column":7}},{"start":{"line":106,"column":7},"end":{"line":106,"column":7}}]},"5":{"line":106,"type":"binary-expr","locations":[{"start":{"line":106,"column":11},"end":{"line":106,"column":22}},{"start":{"line":106,"column":26},"end":{"line":106,"column":43}},{"start":{"line":106,"column":47},"end":{"line":106,"column":68}}]},"6":{"line":111,"type":"if","locations":[{"start":{"line":111,"column":7},"end":{"line":111,"column":7}},{"start":{"line":111,"column":7},"end":{"line":111,"column":7}}]},"7":{"line":113,"type":"if","locations":[{"start":{"line":113,"column":14},"end":{"line":113,"column":14}},{"start":{"line":113,"column":14},"end":{"line":113,"column":14}}]},"8":{"line":125,"type":"if","locations":[{"start":{"line":125,"column":7},"end":{"line":125,"column":7}},{"start":{"line":125,"column":7},"end":{"line":125,"column":7}}]},"9":{"line":125,"type":"binary-expr","locations":[{"start":{"line":125,"column":11},"end":{"line":125,"column":22}},{"start":{"line":125,"column":26},"end":{"line":125,"column":47}}]},"10":{"line":129,"type":"if","locations":[{"start":{"line":129,"column":7},"end":{"line":129,"column":7}},{"start":{"line":129,"column":7},"end":{"line":129,"column":7}}]},"11":{"line":133,"type":"if","locations":[{"start":{"line":133,"column":7},"end":{"line":133,"column":7}},{"start":{"line":133,"column":7},"end":{"line":133,"column":7}}]},"12":{"line":144,"type":"if","locations":[{"start":{"line":144,"column":9},"end":{"line":144,"column":9}},{"start":{"line":144,"column":9},"end":{"line":144,"column":9}}]},"13":{"line":145,"type":"if","locations":[{"start":{"line":145,"column":9},"end":{"line":145,"column":9}},{"start":{"line":145,"column":9},"end":{"line":145,"column":9}}]},"14":{"line":157,"type":"if","locations":[{"start":{"line":157,"column":5},"end":{"line":157,"column":5}},{"start":{"line":157,"column":5},"end":{"line":157,"column":5}}]},"15":{"line":161,"type":"if","locations":[{"start":{"line":161,"column":5},"end":{"line":161,"column":5}},{"start":{"line":161,"column":5},"end":{"line":161,"column":5}}]},"16":{"line":161,"type":"binary-expr","locations":[{"start":{"line":161,"column":9},"end":{"line":161,"column":25}},{"start":{"line":161,"column":29},"end":{"line":161,"column":52}}]},"17":{"line":173,"type":"if","locations":[{"start":{"line":173,"column":5},"end":{"line":173,"column":5}},{"start":{"line":173,"column":5},"end":{"line":173,"column":5}}]},"18":{"line":173,"type":"binary-expr","locations":[{"start":{"line":173,"column":9},"end":{"line":173,"column":25}},{"start":{"line":173,"column":29},"end":{"line":173,"column":47}}]},"19":{"line":178,"type":"if","locations":[{"start":{"line":178,"column":9},"end":{"line":178,"column":9}},{"start":{"line":178,"column":9},"end":{"line":178,"column":9}}]}}}}