{"/Users/danielcobb/Desktop/webdev/node/TynyDebug/tynydebug.js":{"path":"/Users/danielcobb/Desktop/webdev/node/TynyDebug/tynydebug.js","s":{"1":1,"2":1,"3":13,"4":13,"5":1,"6":10,"7":10,"8":10,"9":10,"10":10,"11":2,"12":1,"13":1,"14":1,"15":1,"16":12,"17":12,"18":12,"19":12,"20":12,"21":12,"22":1,"23":1,"24":10,"25":10,"26":10,"27":10,"28":10,"29":10,"30":10,"31":10,"32":10,"33":10,"34":10,"35":10,"36":4,"37":10,"38":1,"39":9,"40":2,"41":7,"42":10,"43":10,"44":10,"45":4,"46":10,"47":2,"48":10,"49":5,"50":10,"51":10,"52":10,"53":10,"54":10,"55":10,"56":10,"57":10,"58":10,"59":2,"60":2,"61":1,"62":2,"63":2,"64":2,"65":2,"66":2,"67":2,"68":2,"69":2,"70":2,"71":2},"b":{"1":[1,0],"2":[10,0],"3":[4,6],"4":[10,5,5],"5":[1,9],"6":[2,7],"7":[4,6],"8":[10,5],"9":[2,8],"10":[5,5],"11":[10,0],"12":[10,0],"13":[1,1],"14":[2,0],"15":[2,2],"16":[2,0],"17":[2,2],"18":[2,0]},"f":{"1":13,"2":10,"3":2,"4":12,"5":12,"6":1,"7":10,"8":2,"9":2},"fnMap":{"1":{"name":"(anonymous_1)","line":14,"loc":{"start":{"line":14,"column":6},"end":{"line":14,"column":13}}},"2":{"name":"(anonymous_2)","line":26,"loc":{"start":{"line":26,"column":14},"end":{"line":26,"column":21}}},"3":{"name":"(anonymous_3)","line":39,"loc":{"start":{"line":39,"column":14},"end":{"line":39,"column":21}}},"4":{"name":"(anonymous_4)","line":51,"loc":{"start":{"line":51,"column":10},"end":{"line":51,"column":13}}},"5":{"name":"(anonymous_5)","line":60,"loc":{"start":{"line":60,"column":10},"end":{"line":60,"column":13}}},"6":{"name":"(anonymous_6)","line":68,"loc":{"start":{"line":68,"column":12},"end":{"line":68,"column":15}}},"7":{"name":"(anonymous_7)","line":75,"loc":{"start":{"line":75,"column":8},"end":{"line":75,"column":17}}},"8":{"name":"(anonymous_8)","line":139,"loc":{"start":{"line":139,"column":6},"end":{"line":139,"column":20}}},"9":{"name":"(anonymous_9)","line":153,"loc":{"start":{"line":153,"column":10},"end":{"line":153,"column":24}}}},"statementMap":{"1":{"start":{"line":8,"column":1},"end":{"line":8,"column":26}},"2":{"start":{"line":9,"column":1},"end":{"line":9,"column":28}},"3":{"start":{"line":16,"column":5},"end":{"line":16,"column":22}},"4":{"start":{"line":18,"column":5},"end":{"line":18,"column":44}},"5":{"start":{"line":22,"column":1},"end":{"line":22,"column":24}},"6":{"start":{"line":28,"column":5},"end":{"line":28,"column":27}},"7":{"start":{"line":29,"column":5},"end":{"line":29,"column":29}},"8":{"start":{"line":30,"column":5},"end":{"line":30,"column":25}},"9":{"start":{"line":31,"column":5},"end":{"line":31,"column":35}},"10":{"start":{"line":32,"column":5},"end":{"line":32,"column":33}},"11":{"start":{"line":41,"column":5},"end":{"line":41,"column":21}},"12":{"start":{"line":45,"column":1},"end":{"line":45,"column":48}},"13":{"start":{"line":46,"column":1},"end":{"line":46,"column":33}},"14":{"start":{"line":47,"column":1},"end":{"line":47,"column":43}},"15":{"start":{"line":49,"column":1},"end":{"line":168,"column":3}},"16":{"start":{"line":53,"column":5},"end":{"line":53,"column":32}},"17":{"start":{"line":55,"column":5},"end":{"line":55,"column":47}},"18":{"start":{"line":57,"column":5},"end":{"line":57,"column":17}},"19":{"start":{"line":62,"column":5},"end":{"line":62,"column":32}},"20":{"start":{"line":63,"column":5},"end":{"line":63,"column":47}},"21":{"start":{"line":65,"column":5},"end":{"line":65,"column":17}},"22":{"start":{"line":70,"column":5},"end":{"line":72,"column":6}},"23":{"start":{"line":71,"column":7},"end":{"line":71,"column":135}},"24":{"start":{"line":76,"column":5},"end":{"line":76,"column":40}},"25":{"start":{"line":77,"column":5},"end":{"line":77,"column":33}},"26":{"start":{"line":78,"column":5},"end":{"line":78,"column":33}},"27":{"start":{"line":80,"column":5},"end":{"line":135,"column":6}},"28":{"start":{"line":82,"column":7},"end":{"line":82,"column":24}},"29":{"start":{"line":83,"column":7},"end":{"line":83,"column":23}},"30":{"start":{"line":85,"column":7},"end":{"line":85,"column":36}},"31":{"start":{"line":86,"column":7},"end":{"line":86,"column":39}},"32":{"start":{"line":87,"column":7},"end":{"line":87,"column":37}},"33":{"start":{"line":88,"column":7},"end":{"line":88,"column":39}},"34":{"start":{"line":90,"column":7},"end":{"line":90,"column":70}},"35":{"start":{"line":92,"column":7},"end":{"line":95,"column":8}},"36":{"start":{"line":94,"column":9},"end":{"line":94,"column":55}},"37":{"start":{"line":97,"column":7},"end":{"line":105,"column":8}},"38":{"start":{"line":98,"column":9},"end":{"line":98,"column":68}},"39":{"start":{"line":99,"column":14},"end":{"line":105,"column":8}},"40":{"start":{"line":101,"column":9},"end":{"line":101,"column":66}},"41":{"start":{"line":104,"column":9},"end":{"line":104,"column":68}},"42":{"start":{"line":107,"column":7},"end":{"line":107,"column":109}},"43":{"start":{"line":109,"column":7},"end":{"line":109,"column":129}},"44":{"start":{"line":111,"column":7},"end":{"line":113,"column":8}},"45":{"start":{"line":112,"column":9},"end":{"line":112,"column":123}},"46":{"start":{"line":115,"column":7},"end":{"line":117,"column":8}},"47":{"start":{"line":116,"column":9},"end":{"line":116,"column":56}},"48":{"start":{"line":119,"column":7},"end":{"line":121,"column":8}},"49":{"start":{"line":120,"column":9},"end":{"line":120,"column":124}},"50":{"start":{"line":123,"column":7},"end":{"line":123,"column":25}},"51":{"start":{"line":124,"column":7},"end":{"line":124,"column":24}},"52":{"start":{"line":125,"column":7},"end":{"line":125,"column":26}},"53":{"start":{"line":126,"column":7},"end":{"line":126,"column":25}},"54":{"start":{"line":129,"column":7},"end":{"line":131,"column":8}},"55":{"start":{"line":130,"column":9},"end":{"line":130,"column":26}},"56":{"start":{"line":132,"column":7},"end":{"line":134,"column":10}},"57":{"start":{"line":133,"column":9},"end":{"line":133,"column":28}},"58":{"start":{"line":133,"column":18},"end":{"line":133,"column":28}},"59":{"start":{"line":141,"column":5},"end":{"line":141,"column":37}},"60":{"start":{"line":143,"column":5},"end":{"line":146,"column":6}},"61":{"start":{"line":145,"column":7},"end":{"line":145,"column":41}},"62":{"start":{"line":147,"column":5},"end":{"line":149,"column":6}},"63":{"start":{"line":148,"column":7},"end":{"line":148,"column":74}},"64":{"start":{"line":150,"column":5},"end":{"line":150,"column":38}},"65":{"start":{"line":155,"column":5},"end":{"line":155,"column":33}},"66":{"start":{"line":156,"column":5},"end":{"line":156,"column":33}},"67":{"start":{"line":159,"column":5},"end":{"line":166,"column":6}},"68":{"start":{"line":161,"column":7},"end":{"line":161,"column":78}},"69":{"start":{"line":163,"column":7},"end":{"line":165,"column":10}},"70":{"start":{"line":164,"column":9},"end":{"line":164,"column":28}},"71":{"start":{"line":164,"column":18},"end":{"line":164,"column":28}}},"branchMap":{"1":{"line":70,"type":"if","locations":[{"start":{"line":70,"column":5},"end":{"line":70,"column":5}},{"start":{"line":70,"column":5},"end":{"line":70,"column":5}}]},"2":{"line":80,"type":"if","locations":[{"start":{"line":80,"column":5},"end":{"line":80,"column":5}},{"start":{"line":80,"column":5},"end":{"line":80,"column":5}}]},"3":{"line":92,"type":"if","locations":[{"start":{"line":92,"column":7},"end":{"line":92,"column":7}},{"start":{"line":92,"column":7},"end":{"line":92,"column":7}}]},"4":{"line":92,"type":"binary-expr","locations":[{"start":{"line":92,"column":11},"end":{"line":92,"column":22}},{"start":{"line":92,"column":26},"end":{"line":92,"column":43}},{"start":{"line":92,"column":47},"end":{"line":92,"column":68}}]},"5":{"line":97,"type":"if","locations":[{"start":{"line":97,"column":7},"end":{"line":97,"column":7}},{"start":{"line":97,"column":7},"end":{"line":97,"column":7}}]},"6":{"line":99,"type":"if","locations":[{"start":{"line":99,"column":14},"end":{"line":99,"column":14}},{"start":{"line":99,"column":14},"end":{"line":99,"column":14}}]},"7":{"line":111,"type":"if","locations":[{"start":{"line":111,"column":7},"end":{"line":111,"column":7}},{"start":{"line":111,"column":7},"end":{"line":111,"column":7}}]},"8":{"line":111,"type":"binary-expr","locations":[{"start":{"line":111,"column":11},"end":{"line":111,"column":22}},{"start":{"line":111,"column":26},"end":{"line":111,"column":47}}]},"9":{"line":115,"type":"if","locations":[{"start":{"line":115,"column":7},"end":{"line":115,"column":7}},{"start":{"line":115,"column":7},"end":{"line":115,"column":7}}]},"10":{"line":119,"type":"if","locations":[{"start":{"line":119,"column":7},"end":{"line":119,"column":7}},{"start":{"line":119,"column":7},"end":{"line":119,"column":7}}]},"11":{"line":129,"type":"if","locations":[{"start":{"line":129,"column":7},"end":{"line":129,"column":7}},{"start":{"line":129,"column":7},"end":{"line":129,"column":7}}]},"12":{"line":133,"type":"if","locations":[{"start":{"line":133,"column":9},"end":{"line":133,"column":9}},{"start":{"line":133,"column":9},"end":{"line":133,"column":9}}]},"13":{"line":143,"type":"if","locations":[{"start":{"line":143,"column":5},"end":{"line":143,"column":5}},{"start":{"line":143,"column":5},"end":{"line":143,"column":5}}]},"14":{"line":147,"type":"if","locations":[{"start":{"line":147,"column":5},"end":{"line":147,"column":5}},{"start":{"line":147,"column":5},"end":{"line":147,"column":5}}]},"15":{"line":147,"type":"binary-expr","locations":[{"start":{"line":147,"column":9},"end":{"line":147,"column":25}},{"start":{"line":147,"column":29},"end":{"line":147,"column":52}}]},"16":{"line":159,"type":"if","locations":[{"start":{"line":159,"column":5},"end":{"line":159,"column":5}},{"start":{"line":159,"column":5},"end":{"line":159,"column":5}}]},"17":{"line":159,"type":"binary-expr","locations":[{"start":{"line":159,"column":9},"end":{"line":159,"column":25}},{"start":{"line":159,"column":29},"end":{"line":159,"column":47}}]},"18":{"line":164,"type":"if","locations":[{"start":{"line":164,"column":9},"end":{"line":164,"column":9}},{"start":{"line":164,"column":9},"end":{"line":164,"column":9}}]}}}}