TN:
SF:/Users/danielcobb/Desktop/webdev/node/TynyDebug/tynydebug.js
FN:14,(anonymous_1)
FN:26,(anonymous_2)
FN:39,(anonymous_3)
FN:51,(anonymous_4)
FN:60,(anonymous_5)
FN:68,(anonymous_6)
FN:75,(anonymous_7)
FN:139,(anonymous_8)
FN:153,(anonymous_9)
FNF:9
FNH:9
FNDA:13,(anonymous_1)
FNDA:10,(anonymous_2)
FNDA:2,(anonymous_3)
FNDA:12,(anonymous_4)
FNDA:12,(anonymous_5)
FNDA:1,(anonymous_6)
FNDA:10,(anonymous_7)
FNDA:2,(anonymous_8)
FNDA:2,(anonymous_9)
DA:8,1
DA:9,1
DA:16,13
DA:18,13
DA:22,1
DA:28,10
DA:29,10
DA:30,10
DA:31,10
DA:32,10
DA:41,2
DA:45,1
DA:46,1
DA:47,1
DA:49,1
DA:53,12
DA:55,12
DA:57,12
DA:62,12
DA:63,12
DA:65,12
DA:70,1
DA:71,1
DA:76,10
DA:77,10
DA:78,10
DA:80,10
DA:82,10
DA:83,10
DA:85,10
DA:86,10
DA:87,10
DA:88,10
DA:90,10
DA:92,10
DA:94,4
DA:97,10
DA:98,1
DA:99,9
DA:101,2
DA:104,7
DA:107,10
DA:109,10
DA:111,10
DA:112,4
DA:115,10
DA:116,2
DA:119,10
DA:120,5
DA:123,10
DA:124,10
DA:125,10
DA:126,10
DA:129,10
DA:130,10
DA:132,10
DA:133,10
DA:141,2
DA:143,2
DA:145,1
DA:147,2
DA:148,2
DA:150,2
DA:155,2
DA:156,2
DA:159,2
DA:161,2
DA:163,2
DA:164,2
LF:69
LH:69
BRDA:70,1,0,1
BRDA:70,1,1,0
BRDA:80,2,0,10
BRDA:80,2,1,0
BRDA:92,3,0,4
BRDA:92,3,1,6
BRDA:92,4,0,10
BRDA:92,4,1,5
BRDA:92,4,2,5
BRDA:97,5,0,1
BRDA:97,5,1,9
BRDA:99,6,0,2
BRDA:99,6,1,7
BRDA:111,7,0,4
BRDA:111,7,1,6
BRDA:111,8,0,10
BRDA:111,8,1,5
BRDA:115,9,0,2
BRDA:115,9,1,8
BRDA:119,10,0,5
BRDA:119,10,1,5
BRDA:129,11,0,10
BRDA:129,11,1,0
BRDA:133,12,0,10
BRDA:133,12,1,0
BRDA:143,13,0,1
BRDA:143,13,1,1
BRDA:147,14,0,2
BRDA:147,14,1,0
BRDA:147,15,0,2
BRDA:147,15,1,2
BRDA:159,16,0,2
BRDA:159,16,1,0
BRDA:159,17,0,2
BRDA:159,17,1,2
BRDA:164,18,0,2
BRDA:164,18,1,0
BRF:37
BRH:30
end_of_record
