TN:
SF:/Users/danielcobb/Desktop/webdev/node/TynyDebug/tynydebug.js
FN:14,(anonymous_1)
FN:26,(anonymous_2)
FN:39,(anonymous_3)
FN:51,(anonymous_4)
FN:64,(anonymous_5)
FN:82,(anonymous_6)
FN:89,(anonymous_7)
FN:153,(anonymous_8)
FN:167,(anonymous_9)
FNF:9
FNH:9
FNDA:3,(anonymous_1)
FNDA:10,(anonymous_2)
FNDA:2,(anonymous_3)
FNDA:12,(anonymous_4)
FNDA:12,(anonymous_5)
FNDA:1,(anonymous_6)
FNDA:10,(anonymous_7)
FNDA:2,(anonymous_8)
FNDA:2,(anonymous_9)
DA:8,1
DA:9,1
DA:16,3
DA:18,3
DA:22,1
DA:28,10
DA:29,10
DA:30,10
DA:31,10
DA:32,10
DA:41,2
DA:45,1
DA:46,1
DA:47,1
DA:49,1
DA:53,12
DA:55,12
DA:56,12
DA:57,12
DA:59,12
DA:61,12
DA:66,12
DA:68,12
DA:69,12
DA:71,12
DA:72,12
DA:75,12
DA:77,12
DA:79,12
DA:84,1
DA:85,1
DA:90,10
DA:91,10
DA:92,10
DA:94,10
DA:96,10
DA:97,10
DA:99,10
DA:100,10
DA:101,10
DA:102,10
DA:104,10
DA:106,10
DA:108,4
DA:111,10
DA:112,1
DA:113,9
DA:115,2
DA:118,7
DA:121,10
DA:123,10
DA:125,10
DA:126,4
DA:129,10
DA:130,2
DA:133,10
DA:134,5
DA:137,10
DA:138,10
DA:139,10
DA:140,10
DA:143,10
DA:144,10
DA:145,0
DA:146,0
DA:155,2
DA:157,2
DA:159,1
DA:161,2
DA:162,2
DA:164,2
DA:169,2
DA:170,2
DA:173,2
DA:175,2
DA:177,2
DA:178,2
LF:77
LH:75
BRDA:71,1,0,12
BRDA:71,1,1,0
BRDA:84,2,0,1
BRDA:84,2,1,0
BRDA:94,3,0,10
BRDA:94,3,1,0
BRDA:106,4,0,4
BRDA:106,4,1,6
BRDA:106,5,0,10
BRDA:106,5,1,5
BRDA:106,5,2,5
BRDA:111,6,0,1
BRDA:111,6,1,9
BRDA:113,7,0,2
BRDA:113,7,1,7
BRDA:125,8,0,4
BRDA:125,8,1,6
BRDA:125,9,0,10
BRDA:125,9,1,5
BRDA:129,10,0,2
BRDA:129,10,1,8
BRDA:133,11,0,5
BRDA:133,11,1,5
BRDA:144,12,0,10
BRDA:144,12,1,0
BRDA:145,13,0,0
BRDA:145,13,1,0
BRDA:157,14,0,1
BRDA:157,14,1,1
BRDA:161,15,0,2
BRDA:161,15,1,0
BRDA:161,16,0,2
BRDA:161,16,1,2
BRDA:173,17,0,2
BRDA:173,17,1,0
BRDA:173,18,0,2
BRDA:173,18,1,2
BRDA:178,19,0,2
BRDA:178,19,1,0
BRF:39
BRH:30
end_of_record
